[debug] [2024-07-13T12:03:18.402Z] ----------------------------------------------------------------------
[debug] [2024-07-13T12:03:18.405Z] Command:       /nix/store/aspnwxp3q1wvg8jd1zg0295zmhr3lkb3-nodejs-18.19.1/bin/node /nix/store/pf4ama10fsjb161xrxgsyqi21qm10wc6-firebase-tools-13.13.1/lib/node_modules/firebase-tools/lib/bin/firebase.js init hosting
[debug] [2024-07-13T12:03:18.406Z] CLI Version:   13.13.1
[debug] [2024-07-13T12:03:18.407Z] Platform:      linux
[debug] [2024-07-13T12:03:18.407Z] Node Version:  v18.19.1
[debug] [2024-07-13T12:03:18.407Z] Time:          Sat Jul 13 2024 12:03:18 GMT+0000 (Coordinated Universal Time)
[debug] [2024-07-13T12:03:18.408Z] ----------------------------------------------------------------------
[debug] 
[debug] [2024-07-13T12:03:18.417Z] > command requires scopes: ["email","openid","https://www.googleapis.com/auth/cloudplatformprojects.readonly","https://www.googleapis.com/auth/firebase","https://www.googleapis.com/auth/cloud-platform"]
[debug] [2024-07-13T12:03:18.417Z] > authorizing via signed-in user (monigutam321@gmail.com)
[info] 
     ######## #### ########  ######## ########     ###     ######  ########
     ##        ##  ##     ## ##       ##     ##  ##   ##  ##       ##
     ######    ##  ########  ######   ########  #########  ######  ######
     ##        ##  ##    ##  ##       ##     ## ##     ##       ## ##
     ##       #### ##     ## ######## ########  ##     ##  ######  ########

You're about to initialize a Firebase project in this directory:

  /home/user/food-api

[info] 
=== Project Setup
[info] 
[info] First, let's associate this project directory with a Firebase project.
[info] You can create multiple project aliases by running firebase use --add, 
[info] but for now we'll just set up a default project.
[info] 
